f:\projects\github\unity-openvino-yolox\openvino_yolox_dll\openvino_yolox_dll\x64\release\openvino_yolox_dll.pch
f:\projects\github\unity-openvino-yolox\openvino_yolox_dll\openvino_yolox_dll\x64\release\vc142.pdb
f:\projects\github\unity-openvino-yolox\openvino_yolox_dll\openvino_yolox_dll\x64\release\pch.obj
f:\projects\github\unity-openvino-yolox\openvino_yolox_dll\openvino_yolox_dll\x64\release\dllmain.obj
d:\downloads\unity-openvino-yolox\openvino_yolox_dll\openvino_yolox_dll\x64\release\openvino_yolox_dll.pch
d:\downloads\unity-openvino-yolox\openvino_yolox_dll\openvino_yolox_dll\x64\release\vc142.pdb
d:\downloads\unity-openvino-yolox\openvino_yolox_dll\openvino_yolox_dll\x64\release\pch.obj
d:\downloads\unity-openvino-yolox\openvino_yolox_dll\openvino_yolox_dll\x64\release\dllmain.obj
f:\projects\github\unity-openvino-yolox\openvino_yolox_dll\x64\release\openvino_yolox_dll.dll
f:\projects\github\unity-openvino-yolox\openvino_yolox_dll\openvino_yolox_dll\x64\release\openvino_yolox_dll.ipdb
f:\projects\github\unity-openvino-yolox\openvino_yolox_dll\openvino_yolox_dll\x64\release\openvino_yolox_dll.iobj
f:\projects\github\unity-openvino-yolox\openvino_yolox_dll\x64\release\openvino_yolox_dll.pdb
d:\downloads\unity-openvino-yolox\openvino_yolox_dll\x64\release\openvino_yolox_dll.dll
d:\downloads\unity-openvino-yolox\openvino_yolox_dll\openvino_yolox_dll\x64\release\openvino_yolox_dll.ipdb
d:\downloads\unity-openvino-yolox\openvino_yolox_dll\openvino_yolox_dll\x64\release\openvino_yolox_dll.iobj
d:\downloads\unity-openvino-yolox\openvino_yolox_dll\x64\release\openvino_yolox_dll.pdb
f:\projects\github\unity-openvino-yolox\openvino_yolox_dll\x64\release\openvino_yolox_dll.lib
f:\projects\github\unity-openvino-yolox\openvino_yolox_dll\x64\release\openvino_yolox_dll.exp
d:\downloads\unity-openvino-yolox\openvino_yolox_dll\x64\release\openvino_yolox_dll.lib
d:\downloads\unity-openvino-yolox\openvino_yolox_dll\x64\release\openvino_yolox_dll.exp
g:\projects\github\unity-openvino-yolox-in-editor\openvino_yolox_dll\openvino_yolox_dll\x64\release\dllmain.obj
g:\projects\github\unity-openvino-yolox-in-editor\openvino_yolox_dll\openvino_yolox_dll\x64\release\pch.obj
g:\projects\github\unity-openvino-yolox-in-editor\openvino_yolox_dll\openvino_yolox_dll\x64\release\openvino_yolox_dll.ipdb
g:\projects\github\unity-openvino-yolox-in-editor\openvino_yolox_dll\openvino_yolox_dll\x64\release\openvino_yolox_dll.iobj
g:\projects\github\unity-openvino-yolox-in-editor\openvino_yolox_dll\openvino_yolox_dll\x64\release\openvino_yolox_dll.pch
g:\projects\github\unity-openvino-yolox-in-editor\openvino_yolox_dll\openvino_yolox_dll\x64\release\vc142.pdb
g:\projects\github\unity-openvino-yolox-in-editor\openvino_yolox_dll\x64\release\openvino_yolox_dll.pdb
g:\projects\github\unity-openvino-yolox-in-editor\openvino_yolox_dll\x64\release\openvino_yolox_dll.dll
g:\projects\github\unity-openvino-yolox-in-editor\openvino_yolox_dll\openvino_yolox_dll\x64\release\openvino.17a7fbf9.tlog\cl.command.1.tlog
g:\projects\github\unity-openvino-yolox-in-editor\openvino_yolox_dll\openvino_yolox_dll\x64\release\openvino.17a7fbf9.tlog\cl.read.1.tlog
g:\projects\github\unity-openvino-yolox-in-editor\openvino_yolox_dll\openvino_yolox_dll\x64\release\openvino.17a7fbf9.tlog\cl.write.1.tlog
g:\projects\github\unity-openvino-yolox-in-editor\openvino_yolox_dll\openvino_yolox_dll\x64\release\openvino.17a7fbf9.tlog\link.command.1.tlog
g:\projects\github\unity-openvino-yolox-in-editor\openvino_yolox_dll\openvino_yolox_dll\x64\release\openvino.17a7fbf9.tlog\link.read.1.tlog
g:\projects\github\unity-openvino-yolox-in-editor\openvino_yolox_dll\openvino_yolox_dll\x64\release\openvino.17a7fbf9.tlog\link.write.1.tlog
g:\projects\github\unity-openvino-yolox-in-editor\openvino_yolox_dll\openvino_yolox_dll\x64\release\openvino.17a7fbf9.tlog\openvino_yolox_dll.write.1u.tlog
